<?xml version="1.0" encoding="UTF-8"?>
<!-- Generated by org.testng.reporters.JUnitReportReporter -->
<testsuite hostname="SaiBhaskar-PC" failures="0" tests="1" name="myPackage.SmokeTest" time="23.760" errors="0" timestamp="2020-10-16T17:10:51 BST" skipped="0">
  <testcase classname="myPackage.SmokeTest" name="loginTest" time="23.760"/>
  <system-out/>
</testsuite> <!-- myPackage.SmokeTest -->
